<?xml version="1.0" encoding="UTF-8"?>
<testsuite xmlns:xsi="http://www.w3.org/2001/XMLSchema-instance" xsi:noNamespaceSchemaLocation="https://maven.apache.org/surefire/maven-surefire-plugin/xsd/surefire-test-report-3.0.xsd" version="3.0" name="com.example.demo.render.ApplicationTests" time="4.507" tests="1" errors="0" skipped="0" failures="0">
  <properties>
[...]
</properties>
  <testcase name="contextLoads" classname="com.example.demo.render.ApplicationTests" time="1.058">
    <system-out><![CDATA[07:34:43.238 [main] INFO org.springframework.test.context.support.AnnotationConfigContextLoaderUtils -- Could not detect default configuration classes for test class [com.example.demo.render.ApplicationTests]: ApplicationTests does not declare any static, non-private, non-final, nested classes annotated with @Configuration.
07:34:43.534 [main] INFO org.springframework.boot.test.context.SpringBootTestContextBootstrapper -- Found @SpringBootConfiguration com.example.demo.render.Application for test class com.example.demo.render.ApplicationTests

  .   ____          _            __ _ _
 /\\ / ___'_ __ _ _(_)_ __  __ _ \ \ \ \
( ( )\___ | '_ | '_| | '_ \/ _` | \ \ \ \
 \\/  ___)| |_)| | | | | || (_| |  ) ) ) )
  '  |____| .__|_| |_|_| |_\__, | / / / /
 =========|_|==============|___/=/_/_/_/
 :: Spring Boot ::                (v3.1.2)

2023-07-25T07:34:44.506-05:00  INFO 7260 --- [           main] c.example.demo.render.ApplicationTests   : Starting ApplicationTests using Java 18.0.2 with PID 7260 (started by de_ol in C:\SpringBoot\demo.render)
2023-07-25T07:34:44.510-05:00  INFO 7260 --- [           main] c.example.demo.render.ApplicationTests   : No active profile set, falling back to 1 default profile: "default"
2023-07-25T07:34:46.433-05:00  INFO 7260 --- [           main] c.example.demo.render.ApplicationTests   : Started ApplicationTests in 2.52 seconds (process running for 4.388)
]]></system-out>
  </testcase>
</testsuite>